Baaaase: POST&https%3A%2F%2Fapi.twitter.com%2Foauth%2Frequest_token&oauth_callback%3Dhttp%253A%252F%252Flocalhost%252Ftwitter-oauth%252Fsignin_with_twitter.php%26oauth_consumer_key%3DFCRYE2dyP7V88TCiCd6BDNtQJ%26oauth_nonce%3DG6UyIFTBOZpa5yDxGio8BWXTn3rwiXgg77WoteJyXh%26oauth_signature_method%3DHMAC-SHA1%26oauth_timestamp%3D1663370984%26oauth_version%3D1.0
Header: oauth_callback="http%3A%2F%2Flocalhost%2Ftwitter-oauth%2Fsignin_with_twitter.php", oauth_consumer_key="FCRYE2dyP7V88TCiCd6BDNtQJ", oauth_nonce="G6UyIFTBOZpa5yDxGio8BWXTn3rwiXgg77WoteJyXh", oauth_signature_method="HMAC-SHA1", oauth_timestamp="1663370984", oauth_version="1.0", oauth_signature="TFfOkBAwRg9CjNHg48cVWIXZSVE%3D"
Baaaase: POST&https%3A%2F%2Fapi.twitter.com%2Foauth%2Frequest_token&oauth_callback%3Dhttp%253A%252F%252Flocalhost%252Ftwitter-oauth%252Fsignin_with_twitter.php%26oauth_consumer_key%3DFCRYE2dyP7V88TCiCd6BDNtQJ%26oauth_nonce%3DiWrYlCoE1lhLToyVgjQnIDqr4WKWkAdqHddIzQTqFB%26oauth_signature_method%3DHMAC-SHA1%26oauth_timestamp%3D1663371012%26oauth_version%3D1.0
Header: oauth_callback="http%3A%2F%2Flocalhost%2Ftwitter-oauth%2Fsignin_with_twitter.php", oauth_consumer_key="FCRYE2dyP7V88TCiCd6BDNtQJ", oauth_nonce="iWrYlCoE1lhLToyVgjQnIDqr4WKWkAdqHddIzQTqFB", oauth_signature_method="HMAC-SHA1", oauth_timestamp="1663371012", oauth_version="1.0", oauth_signature="%2BnTpcwpihdupG08lgaoE0RlAddQ%3D"
Baaaase: POST&https%3A%2F%2Fapi.twitter.com%2Foauth%2Frequest_token&oauth_callback%3Dhttp%253A%252F%252Flocalhost%252Ftwitter-oauth%252Fsignin_with_twitter.php%26oauth_consumer_key%3DFCRYE2dyP7V88TCiCd6BDNtQJ%26oauth_nonce%3DmY2NcHwLXR0A7x2w25uV83yXJYdE6L6CCBV65XtW1V%26oauth_signature_method%3DHMAC-SHA1%26oauth_timestamp%3D1663373455%26oauth_version%3D1.0
Header: oauth_callback="http%3A%2F%2Flocalhost%2Ftwitter-oauth%2Fsignin_with_twitter.php", oauth_consumer_key="FCRYE2dyP7V88TCiCd6BDNtQJ", oauth_nonce="mY2NcHwLXR0A7x2w25uV83yXJYdE6L6CCBV65XtW1V", oauth_signature_method="HMAC-SHA1", oauth_timestamp="1663373455", oauth_version="1.0", oauth_signature="0cGd0d%2BZaxfVr89r6XavPvoLcQo%3D"
Baaaase: POST&https%3A%2F%2Fapi.twitter.com%2Foauth%2Frequest_token&oauth_callback%3Dhttp%253A%252F%252Flocalhost%252Ftwitter-oauth%252Ftwitter-login.php%26oauth_consumer_key%3DFCRYE2dyP7V88TCiCd6BDNtQJ%26oauth_nonce%3DLQCm7Z7mIfXuzfk7TiAWmNuXyEVms5SbDm7tI6I5ov%26oauth_signature_method%3DHMAC-SHA1%26oauth_timestamp%3D1663374014%26oauth_version%3D1.0
Header: oauth_callback="http%3A%2F%2Flocalhost%2Ftwitter-oauth%2Ftwitter-login.php", oauth_consumer_key="FCRYE2dyP7V88TCiCd6BDNtQJ", oauth_nonce="LQCm7Z7mIfXuzfk7TiAWmNuXyEVms5SbDm7tI6I5ov", oauth_signature_method="HMAC-SHA1", oauth_timestamp="1663374014", oauth_version="1.0", oauth_signature="2uoabjAxwb%2BEbpwukwlXAO7wg9E%3D"
Baaaase: POST&https%3A%2F%2Fapi.twitter.com%2Foauth%2Frequest_token&oauth_callback%3Dhttp%253A%252F%252Flocalhost%252Fchallenge%252Ftwitter-login.php%26oauth_consumer_key%3DFCRYE2dyP7V88TCiCd6BDNtQJ%26oauth_nonce%3D2T8DrswYLybSdjPWEWm8MihA5lXqJ1DR2m4q4MT7UK%26oauth_signature_method%3DHMAC-SHA1%26oauth_timestamp%3D1663374064%26oauth_version%3D1.0
Header: oauth_callback="http%3A%2F%2Flocalhost%2Fchallenge%2Ftwitter-login.php", oauth_consumer_key="FCRYE2dyP7V88TCiCd6BDNtQJ", oauth_nonce="2T8DrswYLybSdjPWEWm8MihA5lXqJ1DR2m4q4MT7UK", oauth_signature_method="HMAC-SHA1", oauth_timestamp="1663374064", oauth_version="1.0", oauth_signature="GU9cMhUzrCpqGaoihGMvU72sb0s%3D"
Baaaase: POST&https%3A%2F%2Fapi.twitter.com%2Foauth%2Frequest_token&oauth_callback%3Dhttp%253A%252F%252Flocalhost%252Ftwitter-oauth%252Fsignin_with_twitter.php%26oauth_consumer_key%3DFCRYE2dyP7V88TCiCd6BDNtQJ%26oauth_nonce%3D2qN4RWMXJKXYZqlAENqjjtLniOaD1BILNvBuX2mpUQ%26oauth_signature_method%3DHMAC-SHA1%26oauth_timestamp%3D1663374231%26oauth_version%3D1.0
Header: oauth_callback="http%3A%2F%2Flocalhost%2Ftwitter-oauth%2Fsignin_with_twitter.php", oauth_consumer_key="FCRYE2dyP7V88TCiCd6BDNtQJ", oauth_nonce="2qN4RWMXJKXYZqlAENqjjtLniOaD1BILNvBuX2mpUQ", oauth_signature_method="HMAC-SHA1", oauth_timestamp="1663374231", oauth_version="1.0", oauth_signature="SUIq4387tuSB5OCGNx1ZSRHst%2FU%3D"
Baaaase: POST&https%3A%2F%2Fapi.twitter.com%2Foauth%2Faccess_token&oauth_consumer_key%3DFCRYE2dyP7V88TCiCd6BDNtQJ%26oauth_nonce%3DcPgAmVlIyPGM7tK7MFrZeGaclKnoXffUBendb7nJq1%26oauth_signature_method%3DHMAC-SHA1%26oauth_timestamp%3D1663374239%26oauth_token%3D3NQS6QAAAAABhJ4AAAABg0jUHHY%26oauth_version%3D1.0
Header: oauth_consumer_key="FCRYE2dyP7V88TCiCd6BDNtQJ", oauth_nonce="cPgAmVlIyPGM7tK7MFrZeGaclKnoXffUBendb7nJq1", oauth_signature_method="HMAC-SHA1", oauth_timestamp="1663374239", oauth_token="3NQS6QAAAAABhJ4AAAABg0jUHHY", oauth_version="1.0", oauth_signature="WBxYhkT1JyPZ6UkZJomM97x%2Fyr4%3D"
AccessToken: oauth_token=3067080066-AXjt3m7yhQaH4bhk4czzZ9Qxaf7e2AizPTgszSH&oauth_token_secret=frdO8xCeHwgMjtOHMKL5vYVJqFtyGNYJETCu8Mq0PFi6T&user_id=3067080066&screen_name=DTruthApostle
Baaaase: GET&https%3A%2F%2Fapi.twitter.com%2F1.1%2Faccount%2Fverify_credentials.json&oauth_consumer_key%3DFCRYE2dyP7V88TCiCd6BDNtQJ%26oauth_nonce%3Dwiyowal8qlCIdSQrGA2C2Ex6X0jG7Anu7P74zZtdHI%26oauth_signature_method%3DHMAC-SHA1%26oauth_timestamp%3D1663374240%26oauth_token%3D3067080066-AXjt3m7yhQaH4bhk4czzZ9Qxaf7e2AizPTgszSH%26oauth_version%3D1.0
Header: oauth_consumer_key="FCRYE2dyP7V88TCiCd6BDNtQJ", oauth_nonce="wiyowal8qlCIdSQrGA2C2Ex6X0jG7Anu7P74zZtdHI", oauth_signature_method="HMAC-SHA1", oauth_timestamp="1663374240", oauth_token="3067080066-AXjt3m7yhQaH4bhk4czzZ9Qxaf7e2AizPTgszSH", oauth_version="1.0", oauth_signature="4FL9NEAYJFMiLBUdsifOi1d6h6I%3D"
Baaaase: POST&https%3A%2F%2Fapi.twitter.com%2Foauth%2Faccess_token&oauth_consumer_key%3DFCRYE2dyP7V88TCiCd6BDNtQJ%26oauth_nonce%3DRYzOZH3CNZGFZLmRf3DgBhENjOkhyZOoBorI8KdTZv%26oauth_signature_method%3DHMAC-SHA1%26oauth_timestamp%3D1663374375%26oauth_token%3D3NQS6QAAAAABhJ4AAAABg0jUHHY%26oauth_version%3D1.0
Header: oauth_consumer_key="FCRYE2dyP7V88TCiCd6BDNtQJ", oauth_nonce="RYzOZH3CNZGFZLmRf3DgBhENjOkhyZOoBorI8KdTZv", oauth_signature_method="HMAC-SHA1", oauth_timestamp="1663374375", oauth_token="3NQS6QAAAAABhJ4AAAABg0jUHHY", oauth_version="1.0", oauth_signature="vqDG2haCj3x0qwokiZOK18%2F3FyA%3D"
AccessToken: This feature is temporarily unavailable
Baaaase: GET&https%3A%2F%2Fapi.twitter.com%2F1.1%2Faccount%2Fverify_credentials.json&oauth_consumer_key%3DFCRYE2dyP7V88TCiCd6BDNtQJ%26oauth_nonce%3DTJHu3aAJeQTWN8jpPZlOs84hfK5eIYxwb7y2yGwDo7%26oauth_signature_method%3DHMAC-SHA1%26oauth_timestamp%3D1663374376%26oauth_version%3D1.0
Header: oauth_consumer_key="FCRYE2dyP7V88TCiCd6BDNtQJ", oauth_nonce="TJHu3aAJeQTWN8jpPZlOs84hfK5eIYxwb7y2yGwDo7", oauth_signature_method="HMAC-SHA1", oauth_timestamp="1663374376", oauth_token="", oauth_version="1.0", oauth_signature="Wj9v2VqalEhi1on8XXRVkhjG5xw%3D"
Baaaase: POST&https%3A%2F%2Fapi.twitter.com%2Foauth%2Faccess_token&oauth_consumer_key%3DFCRYE2dyP7V88TCiCd6BDNtQJ%26oauth_nonce%3DvXteHPms3VftjW3cekuVz83Z76oTa6BTkDVqHEMv82%26oauth_signature_method%3DHMAC-SHA1%26oauth_timestamp%3D1663374459%26oauth_token%3D3NQS6QAAAAABhJ4AAAABg0jUHHY%26oauth_version%3D1.0
Header: oauth_consumer_key="FCRYE2dyP7V88TCiCd6BDNtQJ", oauth_nonce="vXteHPms3VftjW3cekuVz83Z76oTa6BTkDVqHEMv82", oauth_signature_method="HMAC-SHA1", oauth_timestamp="1663374459", oauth_token="3NQS6QAAAAABhJ4AAAABg0jUHHY", oauth_version="1.0", oauth_signature="1ruP3HOanKUZvisrE0tPPunmM7w%3D"
AccessToken: This feature is temporarily unavailable
Baaaase: GET&https%3A%2F%2Fapi.twitter.com%2F1.1%2Faccount%2Fverify_credentials.json&oauth_consumer_key%3DFCRYE2dyP7V88TCiCd6BDNtQJ%26oauth_nonce%3D3PkvODWvAcf5EpIGFSCDbeg6IFzOQR0lxb3A7qz727%26oauth_signature_method%3DHMAC-SHA1%26oauth_timestamp%3D1663374460%26oauth_version%3D1.0
Header: oauth_consumer_key="FCRYE2dyP7V88TCiCd6BDNtQJ", oauth_nonce="3PkvODWvAcf5EpIGFSCDbeg6IFzOQR0lxb3A7qz727", oauth_signature_method="HMAC-SHA1", oauth_timestamp="1663374460", oauth_token="", oauth_version="1.0", oauth_signature="KfveXQe3ycVPpa72cdcutNVUSs8%3D"
Baaaase: POST&https%3A%2F%2Fapi.twitter.com%2Foauth%2Frequest_token&oauth_callback%3Dhttp%253A%252F%252Flocalhost%252Ftwitter-oauth%252Fsignin_with_twitter.php%26oauth_consumer_key%3DFCRYE2dyP7V88TCiCd6BDNtQJ%26oauth_nonce%3DUKSsF8pcXUuH1aZ88Cqke4c2JOwLSqfia6ddebuyAE%26oauth_signature_method%3DHMAC-SHA1%26oauth_timestamp%3D1663374482%26oauth_version%3D1.0
Header: oauth_callback="http%3A%2F%2Flocalhost%2Ftwitter-oauth%2Fsignin_with_twitter.php", oauth_consumer_key="FCRYE2dyP7V88TCiCd6BDNtQJ", oauth_nonce="UKSsF8pcXUuH1aZ88Cqke4c2JOwLSqfia6ddebuyAE", oauth_signature_method="HMAC-SHA1", oauth_timestamp="1663374482", oauth_version="1.0", oauth_signature="rcBi9L0c6CTE271ANLTBEoMed%2F4%3D"
Baaaase: POST&https%3A%2F%2Fapi.twitter.com%2Foauth%2Faccess_token&oauth_consumer_key%3DFCRYE2dyP7V88TCiCd6BDNtQJ%26oauth_nonce%3DpAYY1hHM3BlL5Gu0eCDkIqHIVcxyAYBdT0o67adRaH%26oauth_signature_method%3DHMAC-SHA1%26oauth_timestamp%3D1663374486%26oauth_token%3DvQg_9gAAAAABhJ4AAAABg0jX7fM%26oauth_version%3D1.0
Header: oauth_consumer_key="FCRYE2dyP7V88TCiCd6BDNtQJ", oauth_nonce="pAYY1hHM3BlL5Gu0eCDkIqHIVcxyAYBdT0o67adRaH", oauth_signature_method="HMAC-SHA1", oauth_timestamp="1663374486", oauth_token="vQg_9gAAAAABhJ4AAAABg0jX7fM", oauth_version="1.0", oauth_signature="xMdEyd6hgALArzmzM1p10WQZqR0%3D"
AccessToken: oauth_token=3067080066-AXjt3m7yhQaH4bhk4czzZ9Qxaf7e2AizPTgszSH&oauth_token_secret=frdO8xCeHwgMjtOHMKL5vYVJqFtyGNYJETCu8Mq0PFi6T&user_id=3067080066&screen_name=DTruthApostle
Baaaase: GET&https%3A%2F%2Fapi.twitter.com%2F1.1%2Faccount%2Fverify_credentials.json&oauth_consumer_key%3DFCRYE2dyP7V88TCiCd6BDNtQJ%26oauth_nonce%3D6EyCz2iLFIkIfJgYDcmZYzNancdfKngmy8WzfQdKTx%26oauth_signature_method%3DHMAC-SHA1%26oauth_timestamp%3D1663374487%26oauth_token%3D3067080066-AXjt3m7yhQaH4bhk4czzZ9Qxaf7e2AizPTgszSH%26oauth_version%3D1.0
Header: oauth_consumer_key="FCRYE2dyP7V88TCiCd6BDNtQJ", oauth_nonce="6EyCz2iLFIkIfJgYDcmZYzNancdfKngmy8WzfQdKTx", oauth_signature_method="HMAC-SHA1", oauth_timestamp="1663374487", oauth_token="3067080066-AXjt3m7yhQaH4bhk4czzZ9Qxaf7e2AizPTgszSH", oauth_version="1.0", oauth_signature="OWYBqrQVknFFlojFmVp4ErRZTBs%3D"
Baaaase: POST&https%3A%2F%2Fapi.twitter.com%2Foauth%2Faccess_token&oauth_consumer_key%3DFCRYE2dyP7V88TCiCd6BDNtQJ%26oauth_nonce%3DdkpwTnvkplM4hEHVpd74rvlUSxcYFdg0dejEtii2QY%26oauth_signature_method%3DHMAC-SHA1%26oauth_timestamp%3D1663420151%26oauth_token%3DP1qhjQAAAAABhJ4AAAABg0uQuKg%26oauth_version%3D1.0
Header: oauth_consumer_key="FCRYE2dyP7V88TCiCd6BDNtQJ", oauth_nonce="dkpwTnvkplM4hEHVpd74rvlUSxcYFdg0dejEtii2QY", oauth_signature_method="HMAC-SHA1", oauth_timestamp="1663420151", oauth_token="P1qhjQAAAAABhJ4AAAABg0uQuKg", oauth_version="1.0", oauth_signature="0w%2FccIiFGCx8QTVfy6dbJYjAk7g%3D"
AccessToken: oauth_token=3067080066-AXjt3m7yhQaH4bhk4czzZ9Qxaf7e2AizPTgszSH&oauth_token_secret=frdO8xCeHwgMjtOHMKL5vYVJqFtyGNYJETCu8Mq0PFi6T&user_id=3067080066&screen_name=DTruthApostle
Baaaase: GET&https%3A%2F%2Fapi.twitter.com%2F1.1%2Faccount%2Fverify_credentials.json&oauth_consumer_key%3DFCRYE2dyP7V88TCiCd6BDNtQJ%26oauth_nonce%3Dzj6NE7Mpn6QNB3FB5zcNrRuc86eHSyM81hxphoWl3u%26oauth_signature_method%3DHMAC-SHA1%26oauth_timestamp%3D1663420152%26oauth_token%3D3067080066-AXjt3m7yhQaH4bhk4czzZ9Qxaf7e2AizPTgszSH%26oauth_version%3D1.0
Header: oauth_consumer_key="FCRYE2dyP7V88TCiCd6BDNtQJ", oauth_nonce="zj6NE7Mpn6QNB3FB5zcNrRuc86eHSyM81hxphoWl3u", oauth_signature_method="HMAC-SHA1", oauth_timestamp="1663420152", oauth_token="3067080066-AXjt3m7yhQaH4bhk4czzZ9Qxaf7e2AizPTgszSH", oauth_version="1.0", oauth_signature="%2B51fPC4jdjZPSitK8Qm%2FaXQ6Jyg%3D"
Baaaase: POST&https%3A%2F%2Fapi.twitter.com%2Foauth%2Faccess_token&oauth_consumer_key%3DFCRYE2dyP7V88TCiCd6BDNtQJ%26oauth_nonce%3DrEsKAgOM6ZYA5FKZQKW21y0vR3Oubb1DlImGRFYPpL%26oauth_signature_method%3DHMAC-SHA1%26oauth_timestamp%3D1663420204%26oauth_token%3D5kZaXQAAAAABhJ4AAAABg0uRiaQ%26oauth_version%3D1.0
Header: oauth_consumer_key="FCRYE2dyP7V88TCiCd6BDNtQJ", oauth_nonce="rEsKAgOM6ZYA5FKZQKW21y0vR3Oubb1DlImGRFYPpL", oauth_signature_method="HMAC-SHA1", oauth_timestamp="1663420204", oauth_token="5kZaXQAAAAABhJ4AAAABg0uRiaQ", oauth_version="1.0", oauth_signature="2BBgrNOhxeLB2%2BrpsFdMM7VBpxU%3D"
AccessToken: oauth_token=3067080066-AXjt3m7yhQaH4bhk4czzZ9Qxaf7e2AizPTgszSH&oauth_token_secret=frdO8xCeHwgMjtOHMKL5vYVJqFtyGNYJETCu8Mq0PFi6T&user_id=3067080066&screen_name=DTruthApostle
Baaaase: GET&https%3A%2F%2Fapi.twitter.com%2F1.1%2Faccount%2Fverify_credentials.json&oauth_consumer_key%3DFCRYE2dyP7V88TCiCd6BDNtQJ%26oauth_nonce%3DhX1FI1LCFUPuyJUA2Xa1BGFIshBzcEfn76ACC2vYPF%26oauth_signature_method%3DHMAC-SHA1%26oauth_timestamp%3D1663420206%26oauth_token%3D3067080066-AXjt3m7yhQaH4bhk4czzZ9Qxaf7e2AizPTgszSH%26oauth_version%3D1.0
Header: oauth_consumer_key="FCRYE2dyP7V88TCiCd6BDNtQJ", oauth_nonce="hX1FI1LCFUPuyJUA2Xa1BGFIshBzcEfn76ACC2vYPF", oauth_signature_method="HMAC-SHA1", oauth_timestamp="1663420206", oauth_token="3067080066-AXjt3m7yhQaH4bhk4czzZ9Qxaf7e2AizPTgszSH", oauth_version="1.0", oauth_signature="dJX8zGcDhoKZYMDuSFn5ixx0ezY%3D"
Baaaase: POST&https%3A%2F%2Fapi.twitter.com%2Foauth%2Faccess_token&oauth_consumer_key%3DFCRYE2dyP7V88TCiCd6BDNtQJ%26oauth_nonce%3DyQewEOFAdMhZLAPY81Ef3sV6De2IgIEwwIJwgrZ4o6%26oauth_signature_method%3DHMAC-SHA1%26oauth_timestamp%3D1663420585%26oauth_token%3DYwat4wAAAAABhJ4AAAABg0uXRRM%26oauth_version%3D1.0
Header: oauth_consumer_key="FCRYE2dyP7V88TCiCd6BDNtQJ", oauth_nonce="yQewEOFAdMhZLAPY81Ef3sV6De2IgIEwwIJwgrZ4o6", oauth_signature_method="HMAC-SHA1", oauth_timestamp="1663420585", oauth_token="Ywat4wAAAAABhJ4AAAABg0uXRRM", oauth_version="1.0", oauth_signature="V8mvRm6KXH1%2FIITQNNlfJL8taFw%3D"
AccessToken: oauth_token=3067080066-AXjt3m7yhQaH4bhk4czzZ9Qxaf7e2AizPTgszSH&oauth_token_secret=frdO8xCeHwgMjtOHMKL5vYVJqFtyGNYJETCu8Mq0PFi6T&user_id=3067080066&screen_name=DTruthApostle
Baaaase: GET&https%3A%2F%2Fapi.twitter.com%2F1.1%2Faccount%2Fverify_credentials.json&oauth_consumer_key%3DFCRYE2dyP7V88TCiCd6BDNtQJ%26oauth_nonce%3DBxXlPt6TQm5dHCIQHqxqgH68X6fvqFpEEb7szrh2rz%26oauth_signature_method%3DHMAC-SHA1%26oauth_timestamp%3D1663420595%26oauth_token%3D3067080066-AXjt3m7yhQaH4bhk4czzZ9Qxaf7e2AizPTgszSH%26oauth_version%3D1.0
Header: oauth_consumer_key="FCRYE2dyP7V88TCiCd6BDNtQJ", oauth_nonce="BxXlPt6TQm5dHCIQHqxqgH68X6fvqFpEEb7szrh2rz", oauth_signature_method="HMAC-SHA1", oauth_timestamp="1663420595", oauth_token="3067080066-AXjt3m7yhQaH4bhk4czzZ9Qxaf7e2AizPTgszSH", oauth_version="1.0", oauth_signature="Eb1BL04BQU4A8Y0lNMBE4umbJ%2Fw%3D"
Baaaase: POST&https%3A%2F%2Fapi.twitter.com%2Foauth%2Faccess_token&oauth_consumer_key%3DFCRYE2dyP7V88TCiCd6BDNtQJ%26oauth_nonce%3DdEqFCP6rS6pu6SHNyv5GFsWl6TtO6S1NItGUrsk7Ar%26oauth_signature_method%3DHMAC-SHA1%26oauth_timestamp%3D1663420909%26oauth_token%3Dl62AOQAAAAABhJ4AAAABg0ucR1M%26oauth_version%3D1.0
Header: oauth_consumer_key="FCRYE2dyP7V88TCiCd6BDNtQJ", oauth_nonce="dEqFCP6rS6pu6SHNyv5GFsWl6TtO6S1NItGUrsk7Ar", oauth_signature_method="HMAC-SHA1", oauth_timestamp="1663420909", oauth_token="l62AOQAAAAABhJ4AAAABg0ucR1M", oauth_version="1.0", oauth_signature="edyHXAHk7iHDGVTDQf0pUJMrKyw%3D"
AccessToken: oauth_token=3067080066-AXjt3m7yhQaH4bhk4czzZ9Qxaf7e2AizPTgszSH&oauth_token_secret=frdO8xCeHwgMjtOHMKL5vYVJqFtyGNYJETCu8Mq0PFi6T&user_id=3067080066&screen_name=DTruthApostle
Baaaase: GET&https%3A%2F%2Fapi.twitter.com%2F1.1%2Faccount%2Fverify_credentials.json&oauth_consumer_key%3DFCRYE2dyP7V88TCiCd6BDNtQJ%26oauth_nonce%3DsVuAMTi5bv13eueRIARgrGMgMGthPlUB8GfCIGZrsP%26oauth_signature_method%3DHMAC-SHA1%26oauth_timestamp%3D1663420910%26oauth_token%3D3067080066-AXjt3m7yhQaH4bhk4czzZ9Qxaf7e2AizPTgszSH%26oauth_version%3D1.0
Header: oauth_consumer_key="FCRYE2dyP7V88TCiCd6BDNtQJ", oauth_nonce="sVuAMTi5bv13eueRIARgrGMgMGthPlUB8GfCIGZrsP", oauth_signature_method="HMAC-SHA1", oauth_timestamp="1663420910", oauth_token="3067080066-AXjt3m7yhQaH4bhk4czzZ9Qxaf7e2AizPTgszSH", oauth_version="1.0", oauth_signature="xorAvvP1ZTSRTdft4JfgiEorumg%3D"
Baaaase: POST&https%3A%2F%2Fapi.twitter.com%2Foauth%2Faccess_token&oauth_consumer_key%3DFCRYE2dyP7V88TCiCd6BDNtQJ%26oauth_nonce%3DYmmSqJQY0DU6idkIPkalwhnZLgpttaOgVhNug4IU5e%26oauth_signature_method%3DHMAC-SHA1%26oauth_timestamp%3D1663426255%26oauth_token%3DBTRe6wAAAAABhJ4AAAABg0vtzLY%26oauth_version%3D1.0
Header: oauth_consumer_key="FCRYE2dyP7V88TCiCd6BDNtQJ", oauth_nonce="YmmSqJQY0DU6idkIPkalwhnZLgpttaOgVhNug4IU5e", oauth_signature_method="HMAC-SHA1", oauth_timestamp="1663426255", oauth_token="BTRe6wAAAAABhJ4AAAABg0vtzLY", oauth_version="1.0", oauth_signature="WdYo1jfJewhddKqLLlxkQdq%2Fzsg%3D"
AccessToken: oauth_token=3067080066-rtZerXakmZXzvneAseySiHDdOTcOC4zzzlqwIZ3&oauth_token_secret=dQjxCstUHsAzSbZWFPveFYK8S9Fpd89RUggMiVK6wVqOy&user_id=3067080066&screen_name=DTruthApostle
Baaaase: GET&https%3A%2F%2Fapi.twitter.com%2F1.1%2Faccount%2Fverify_credentials.json&oauth_consumer_key%3DFCRYE2dyP7V88TCiCd6BDNtQJ%26oauth_nonce%3DuY8whIONUPn2LOx2EOE26EnegJfLndQ3xmOQnkHlmn%26oauth_signature_method%3DHMAC-SHA1%26oauth_timestamp%3D1663426256%26oauth_token%3D3067080066-rtZerXakmZXzvneAseySiHDdOTcOC4zzzlqwIZ3%26oauth_version%3D1.0
Header: oauth_consumer_key="FCRYE2dyP7V88TCiCd6BDNtQJ", oauth_nonce="uY8whIONUPn2LOx2EOE26EnegJfLndQ3xmOQnkHlmn", oauth_signature_method="HMAC-SHA1", oauth_timestamp="1663426256", oauth_token="3067080066-rtZerXakmZXzvneAseySiHDdOTcOC4zzzlqwIZ3", oauth_version="1.0", oauth_signature="TrKFf%2BlUW0xqgJZgMeLIJeoFVC0%3D"
Baaaase: POST&https%3A%2F%2Fapi.twitter.com%2Foauth%2Faccess_token&oauth_consumer_key%3DFCRYE2dyP7V88TCiCd6BDNtQJ%26oauth_nonce%3D6M7Lt8G0jMhPzlKQmOjqY5ZNUaNTzLFPs6ycjguMlf%26oauth_signature_method%3DHMAC-SHA1%26oauth_timestamp%3D1663427227%26oauth_token%3DOqwgpgAAAAABhJ4AAAABg0v8tAw%26oauth_version%3D1.0
Header: oauth_consumer_key="FCRYE2dyP7V88TCiCd6BDNtQJ", oauth_nonce="6M7Lt8G0jMhPzlKQmOjqY5ZNUaNTzLFPs6ycjguMlf", oauth_signature_method="HMAC-SHA1", oauth_timestamp="1663427227", oauth_token="OqwgpgAAAAABhJ4AAAABg0v8tAw", oauth_version="1.0", oauth_signature="CHWB4AEroDRrMRzD3x8FHzGcp9U%3D"
AccessToken: oauth_token=3067080066-rtZerXakmZXzvneAseySiHDdOTcOC4zzzlqwIZ3&oauth_token_secret=dQjxCstUHsAzSbZWFPveFYK8S9Fpd89RUggMiVK6wVqOy&user_id=3067080066&screen_name=DTruthApostle
Baaaase: GET&https%3A%2F%2Fapi.twitter.com%2F1.1%2Faccount%2Fverify_credentials.json&oauth_consumer_key%3DFCRYE2dyP7V88TCiCd6BDNtQJ%26oauth_nonce%3DboVdB5lz0UH63RK1WhrHRRVT123zZPEr0CNkNjLFiU%26oauth_signature_method%3DHMAC-SHA1%26oauth_timestamp%3D1663427228%26oauth_token%3D3067080066-rtZerXakmZXzvneAseySiHDdOTcOC4zzzlqwIZ3%26oauth_version%3D1.0
Header: oauth_consumer_key="FCRYE2dyP7V88TCiCd6BDNtQJ", oauth_nonce="boVdB5lz0UH63RK1WhrHRRVT123zZPEr0CNkNjLFiU", oauth_signature_method="HMAC-SHA1", oauth_timestamp="1663427228", oauth_token="3067080066-rtZerXakmZXzvneAseySiHDdOTcOC4zzzlqwIZ3", oauth_version="1.0", oauth_signature="QRXwZic%2FdqeXtSSAp%2FyhUuUdlyE%3D"
Baaaase: POST&https%3A%2F%2Fapi.twitter.com%2Foauth%2Faccess_token&oauth_consumer_key%3DFCRYE2dyP7V88TCiCd6BDNtQJ%26oauth_nonce%3DqAOLJwmjts66bhMwAVdjlZVfcA48qwNLwEKaGm3Zhj%26oauth_signature_method%3DHMAC-SHA1%26oauth_timestamp%3D1663427359%26oauth_token%3DuYD9TwAAAAABhJ4AAAABg0v-s5M%26oauth_version%3D1.0
Header: oauth_consumer_key="FCRYE2dyP7V88TCiCd6BDNtQJ", oauth_nonce="qAOLJwmjts66bhMwAVdjlZVfcA48qwNLwEKaGm3Zhj", oauth_signature_method="HMAC-SHA1", oauth_timestamp="1663427359", oauth_token="uYD9TwAAAAABhJ4AAAABg0v-s5M", oauth_version="1.0", oauth_signature="oIMNULREggYFm7Sa5vvkZ3ZBj1g%3D"
AccessToken: oauth_token=3067080066-rtZerXakmZXzvneAseySiHDdOTcOC4zzzlqwIZ3&oauth_token_secret=dQjxCstUHsAzSbZWFPveFYK8S9Fpd89RUggMiVK6wVqOy&user_id=3067080066&screen_name=DTruthApostle
Baaaase: GET&https%3A%2F%2Fapi.twitter.com%2F1.1%2Faccount%2Fverify_credentials.json&oauth_consumer_key%3DFCRYE2dyP7V88TCiCd6BDNtQJ%26oauth_nonce%3DUgFrFPmBoN68Q8k0sgtDkmxbeaJsCi10PCJ1qWicyw%26oauth_signature_method%3DHMAC-SHA1%26oauth_timestamp%3D1663427360%26oauth_token%3D3067080066-rtZerXakmZXzvneAseySiHDdOTcOC4zzzlqwIZ3%26oauth_version%3D1.0
Header: oauth_consumer_key="FCRYE2dyP7V88TCiCd6BDNtQJ", oauth_nonce="UgFrFPmBoN68Q8k0sgtDkmxbeaJsCi10PCJ1qWicyw", oauth_signature_method="HMAC-SHA1", oauth_timestamp="1663427360", oauth_token="3067080066-rtZerXakmZXzvneAseySiHDdOTcOC4zzzlqwIZ3", oauth_version="1.0", oauth_signature="4J0b6rACXePGtLPsy5hdkDHcoCE%3D"
Baaaase: POST&https%3A%2F%2Fapi.twitter.com%2Foauth%2Faccess_token&oauth_consumer_key%3DFCRYE2dyP7V88TCiCd6BDNtQJ%26oauth_nonce%3DRGIMMS7KLEXxRNEAB2384RbBEeEEaUAXTUYmp1zKZ0%26oauth_signature_method%3DHMAC-SHA1%26oauth_timestamp%3D1663427817%26oauth_token%3DxN7yTAAAAAABhJ4AAAABg0wFskQ%26oauth_version%3D1.0
Header: oauth_consumer_key="FCRYE2dyP7V88TCiCd6BDNtQJ", oauth_nonce="RGIMMS7KLEXxRNEAB2384RbBEeEEaUAXTUYmp1zKZ0", oauth_signature_method="HMAC-SHA1", oauth_timestamp="1663427817", oauth_token="xN7yTAAAAAABhJ4AAAABg0wFskQ", oauth_version="1.0", oauth_signature="%2Fe%2FOtSQWNa8gC%2FJPL2M3eI%2FCNeY%3D"
AccessToken: oauth_token=3067080066-rtZerXakmZXzvneAseySiHDdOTcOC4zzzlqwIZ3&oauth_token_secret=dQjxCstUHsAzSbZWFPveFYK8S9Fpd89RUggMiVK6wVqOy&user_id=3067080066&screen_name=DTruthApostle
Baaaase: GET&https%3A%2F%2Fapi.twitter.com%2F1.1%2Faccount%2Fverify_credentials.json&oauth_consumer_key%3DFCRYE2dyP7V88TCiCd6BDNtQJ%26oauth_nonce%3DxkBKxoxeMSgoGC5sJ2ZwQYpW0BNthhyKq4d6JLghir%26oauth_signature_method%3DHMAC-SHA1%26oauth_timestamp%3D1663427818%26oauth_token%3D3067080066-rtZerXakmZXzvneAseySiHDdOTcOC4zzzlqwIZ3%26oauth_version%3D1.0
Header: oauth_consumer_key="FCRYE2dyP7V88TCiCd6BDNtQJ", oauth_nonce="xkBKxoxeMSgoGC5sJ2ZwQYpW0BNthhyKq4d6JLghir", oauth_signature_method="HMAC-SHA1", oauth_timestamp="1663427818", oauth_token="3067080066-rtZerXakmZXzvneAseySiHDdOTcOC4zzzlqwIZ3", oauth_version="1.0", oauth_signature="dBQmN%2FDtA3zaELliuwr82b7xb%2Fg%3D"
Baaaase: POST&https%3A%2F%2Fapi.twitter.com%2Foauth%2Faccess_token&oauth_consumer_key%3DFCRYE2dyP7V88TCiCd6BDNtQJ%26oauth_nonce%3D7efVLhPuX5YjcsWQ6Tj54wAxZz4c1D74eNbvO3VLet%26oauth_signature_method%3DHMAC-SHA1%26oauth_timestamp%3D1663428157%26oauth_token%3D92FIBAAAAAABhJ4AAAABg0wK4u0%26oauth_version%3D1.0
Header: oauth_consumer_key="FCRYE2dyP7V88TCiCd6BDNtQJ", oauth_nonce="7efVLhPuX5YjcsWQ6Tj54wAxZz4c1D74eNbvO3VLet", oauth_signature_method="HMAC-SHA1", oauth_timestamp="1663428157", oauth_token="92FIBAAAAAABhJ4AAAABg0wK4u0", oauth_version="1.0", oauth_signature="l8R47J9JurNJprCHezuVmXVDlQ0%3D"
AccessToken: oauth_token=3067080066-rtZerXakmZXzvneAseySiHDdOTcOC4zzzlqwIZ3&oauth_token_secret=dQjxCstUHsAzSbZWFPveFYK8S9Fpd89RUggMiVK6wVqOy&user_id=3067080066&screen_name=DTruthApostle
Baaaase: GET&https%3A%2F%2Fapi.twitter.com%2F1.1%2Faccount%2Fverify_credentials.json&oauth_consumer_key%3DFCRYE2dyP7V88TCiCd6BDNtQJ%26oauth_nonce%3DOj6YhxoeQ0mjnmRuAmGHhgoBPnNUEWnPCGkMviJKW1%26oauth_signature_method%3DHMAC-SHA1%26oauth_timestamp%3D1663428158%26oauth_token%3D3067080066-rtZerXakmZXzvneAseySiHDdOTcOC4zzzlqwIZ3%26oauth_version%3D1.0
Header: oauth_consumer_key="FCRYE2dyP7V88TCiCd6BDNtQJ", oauth_nonce="Oj6YhxoeQ0mjnmRuAmGHhgoBPnNUEWnPCGkMviJKW1", oauth_signature_method="HMAC-SHA1", oauth_timestamp="1663428158", oauth_token="3067080066-rtZerXakmZXzvneAseySiHDdOTcOC4zzzlqwIZ3", oauth_version="1.0", oauth_signature="zfln6vJ77SX2%2BJG00cQY0kn9T34%3D"
